0 info it worked if it ends with ok
1 verbose cli [ '/usr/bin/node', '/usr/bin/npm', 'install', '-g', 'yarn' ]
2 info using npm@2.15.1
3 info using node@v0.10.48
4 verbose node symlink /usr/bin/node
5 verbose install initial load of /usr/lib/package.json
6 verbose readDependencies loading dependencies from /usr/lib/package.json
7 silly cache add args [ 'yarn', null ]
8 verbose cache add spec yarn
9 silly cache add parsed spec { raw: 'yarn',
9 silly cache add   scope: null,
9 silly cache add   name: 'yarn',
9 silly cache add   rawSpec: '',
9 silly cache add   spec: 'latest',
9 silly cache add   type: 'tag' }
10 silly addNamed yarn@latest
11 verbose addNamed "latest" is being treated as a dist-tag for yarn
12 info addNameTag [ 'yarn', 'latest' ]
13 silly mapToRegistry name yarn
14 silly mapToRegistry using default registry
15 silly mapToRegistry registry https://registry.npmjs.org/
16 silly mapToRegistry data { raw: 'yarn',
16 silly mapToRegistry   scope: null,
16 silly mapToRegistry   name: 'yarn',
16 silly mapToRegistry   rawSpec: '',
16 silly mapToRegistry   spec: 'latest',
16 silly mapToRegistry   type: 'tag' }
17 silly mapToRegistry uri https://registry.npmjs.org/yarn
18 verbose addNameTag registry:https://registry.npmjs.org/yarn not in flight; fetching
19 verbose request uri https://registry.npmjs.org/yarn
20 verbose request no auth needed
21 info attempt registry request try #1 at 19:51:48
22 verbose request id f39c520add7879d8
23 verbose etag W/"59951918-300b7"
24 verbose lastModified Thu, 17 Aug 2017 04:18:32 GMT
25 http request GET https://registry.npmjs.org/yarn
26 http 304 https://registry.npmjs.org/yarn
27 verbose headers { date: 'Tue, 22 Aug 2017 18:00:52 GMT',
27 verbose headers   via: '1.1 varnish',
27 verbose headers   'cache-control': 'max-age=300',
27 verbose headers   etag: 'W/"59951918-300b7"',
27 verbose headers   age: '0',
27 verbose headers   connection: 'keep-alive',
27 verbose headers   'x-served-by': 'cache-ams4150-AMS',
27 verbose headers   'x-cache': 'HIT',
27 verbose headers   'x-cache-hits': '1',
27 verbose headers   'x-timer': 'S1503424852.063758,VS0,VE7',
27 verbose headers   vary: 'Accept-Encoding, Accept' }
28 silly get cb [ 304,
28 silly get   { date: 'Tue, 22 Aug 2017 18:00:52 GMT',
28 silly get     via: '1.1 varnish',
28 silly get     'cache-control': 'max-age=300',
28 silly get     etag: 'W/"59951918-300b7"',
28 silly get     age: '0',
28 silly get     connection: 'keep-alive',
28 silly get     'x-served-by': 'cache-ams4150-AMS',
28 silly get     'x-cache': 'HIT',
28 silly get     'x-cache-hits': '1',
28 silly get     'x-timer': 'S1503424852.063758,VS0,VE7',
28 silly get     vary: 'Accept-Encoding, Accept' } ]
29 verbose etag https://registry.npmjs.org/yarn from cache
30 verbose get saving yarn to /home/ufeanei/.npm/registry.npmjs.org/yarn/.cache.json
31 verbose correctMkdir /home/ufeanei/.npm correctMkdir not in flight; initializing
32 silly addNameTag next cb for yarn with tag latest
33 silly addNamed yarn@0.27.5
34 verbose addNamed "0.27.5" is a plain semver version for yarn
35 silly cache afterAdd yarn@0.27.5
36 verbose afterAdd /home/ufeanei/.npm/yarn/0.27.5/package/package.json not in flight; writing
37 verbose correctMkdir /home/ufeanei/.npm correctMkdir not in flight; initializing
38 verbose afterAdd /home/ufeanei/.npm/yarn/0.27.5/package/package.json written
39 silly install resolved [ { name: 'yarn',
39 silly install resolved     installationMethod: 'npm',
39 silly install resolved     version: '0.27.5',
39 silly install resolved     license: 'BSD-2-Clause',
39 silly install resolved     preferGlobal: true,
39 silly install resolved     description: 'ðŸ“¦ðŸˆ Fast, reliable, and secure dependency management.',
39 silly install resolved     dependencies:
39 silly install resolved      { 'babel-runtime': '^6.0.0',
39 silly install resolved        bytes: '^2.4.0',
39 silly install resolved        camelcase: '^4.0.0',
39 silly install resolved        chalk: '^1.1.1',
39 silly install resolved        'cmd-shim': '^2.0.1',
39 silly install resolved        commander: '^2.9.0',
39 silly install resolved        death: '^1.0.0',
39 silly install resolved        debug: '^2.2.0',
39 silly install resolved        'detect-indent': '^5.0.0',
39 silly install resolved        glob: '^7.1.1',
39 silly install resolved        'gunzip-maybe': '^1.4.0',
39 silly install resolved        ini: '^1.3.4',
39 silly install resolved        inquirer: '^3.0.1',
39 silly install resolved        invariant: '^2.2.0',
39 silly install resolved        'is-builtin-module': '^1.0.0',
39 silly install resolved        'is-ci': '^1.0.10',
39 silly install resolved        leven: '^2.0.0',
39 silly install resolved        'loud-rejection': '^1.2.0',
39 silly install resolved        micromatch: '^2.3.11',
39 silly install resolved        mkdirp: '^0.5.1',
39 silly install resolved        'node-emoji': '^1.0.4',
39 silly install resolved        'object-path': '^0.11.2',
39 silly install resolved        'proper-lockfile': '^2.0.0',
39 silly install resolved        read: '^1.0.7',
39 silly install resolved        request: '^2.81.0',
39 silly install resolved        'request-capture-har': '^1.2.2',
39 silly install resolved        rimraf: '^2.5.0',
39 silly install resolved        semver: '^5.1.0',
39 silly install resolved        'strip-bom': '^3.0.0',
39 silly install resolved        'tar-fs': '^1.15.1',
39 silly install resolved        'tar-stream': '^1.5.2',
39 silly install resolved        uuid: '^3.0.1',
39 silly install resolved        'v8-compile-cache': '^1.1.0',
39 silly install resolved        'validate-npm-package-license': '^3.0.1' },
39 silly install resolved     devDependencies:
39 silly install resolved      { 'babel-core': '^6.24.1',
39 silly install resolved        'babel-eslint': '^6.1.2',
39 silly install resolved        'babel-jest': '^19.0.0',
39 silly install resolved        'babel-loader': '^6.2.5',
39 silly install resolved        'babel-plugin-array-includes': '^2.0.3',
39 silly install resolved        'babel-plugin-transform-es2015-typeof-symbol': '^6.8.0',
39 silly install resolved        'babel-plugin-transform-inline-imports-commonjs': '^1.0.0',
39 silly install resolved        'babel-plugin-transform-runtime': '^6.4.3',
39 silly install resolved        'babel-preset-es2015-node4': '^2.1.0',
39 silly install resolved        'babel-preset-node5': '^10.2.0',
39 silly install resolved        'babel-preset-stage-0': '^6.0.0',
39 silly install resolved        babylon: '^6.5.0',
39 silly install resolved        eslint: '^3.19.0',
39 silly install resolved        'eslint-config-fb-strict': '^20.0.1',
39 silly install resolved        'eslint-plugin-babel': '^3.3.0',
39 silly install resolved        'eslint-plugin-flowtype': '^2.32.1',
39 silly install resolved        'eslint-plugin-react': '^6.7.1',
39 silly install resolved        'eslint-plugin-yarn-internal': 'file:scripts/eslint-rules',
39 silly install resolved        'flow-bin': '^0.48.0',
39 silly install resolved        gulp: '^3.9.0',
39 silly install resolved        'gulp-babel': '^6.0.0',
39 silly install resolved        'gulp-if': '^2.0.1',
39 silly install resolved        'gulp-newer': '^1.0.0',
39 silly install resolved        'gulp-plumber': '^1.0.1',
39 silly install resolved        'gulp-sourcemaps': '^2.2.0',
39 silly install resolved        'gulp-util': '^3.0.7',
39 silly install resolved        'gulp-watch': '^4.3.5',
39 silly install resolved        jest: '^19.0.2',
39 silly install resolved        'mock-stdin': '^0.3.0',
39 silly install resolved        prettier: '^1.3.1',
39 silly install resolved        temp: '^0.8.3',
39 silly install resolved        webpack: '^2.1.0-beta.25',
39 silly install resolved        yargs: '^6.3.0' },
39 silly install resolved     engines: { node: '>=4.0.0' },
39 silly install resolved     repository: { type: 'git', url: 'git+https://github.com/yarnpkg/yarn.git' },
39 silly install resolved     bin: { yarn: './bin/yarn.js', yarnpkg: './bin/yarn.js' },
39 silly install resolved     scripts:
39 silly install resolved      { build: 'gulp build',
39 silly install resolved        'build-bundle': 'node ./scripts/build-webpack.js',
39 silly install resolved        'build-chocolatey': 'powershell ./scripts/build-chocolatey.ps1',
39 silly install resolved        'build-deb': './scripts/build-deb.sh',
39 silly install resolved        'build-dist': 'bash ./scripts/build-dist.sh',
39 silly install resolved        'build-win-installer': 'scripts\\build-windows-installer.bat',
39 silly install resolved        'check-lockfile': './scripts/check-lockfile.sh',
39 silly install resolved        lint: 'yarn run lint-prettier && eslint . && flow check',
39 silly install resolved        'lint-prettier': 'node scripts/prettier.js lint',
39 silly install resolved        prettier: 'node scripts/prettier.js write',
39 silly install resolved        'release-branch': './scripts/release-branch.sh',
39 silly install resolved        test: 'yarn lint && yarn test-only',
39 silly install resolved        'test-ci': 'yarn build && yarn test-only',
39 silly install resolved        'test-only': 'jest --coverage --verbose',
39 silly install resolved        watch: 'gulp watch' },
39 silly install resolved     jest:
39 silly install resolved      { collectCoverageFrom: [Object],
39 silly install resolved        timers: 'fake',
39 silly install resolved        testEnvironment: 'node',
39 silly install resolved        modulePathIgnorePatterns: [Object],
39 silly install resolved        testPathIgnorePatterns: [Object] },
39 silly install resolved     bugs: { url: 'https://github.com/yarnpkg/yarn/issues' },
39 silly install resolved     homepage: 'https://github.com/yarnpkg/yarn#readme',
39 silly install resolved     _id: 'yarn@0.27.5',
39 silly install resolved     _shasum: '06fe67d8040802993f9f1e1923d671cbf9ead5d1',
39 silly install resolved     _from: 'yarn@latest',
39 silly install resolved     _npmVersion: '3.10.10',
39 silly install resolved     _nodeVersion: '6.11.0',
39 silly install resolved     _npmUser: { name: 'sebmck', email: 'sebmck@gmail.com' },
39 silly install resolved     dist:
39 silly install resolved      { shasum: '06fe67d8040802993f9f1e1923d671cbf9ead5d1',
39 silly install resolved        tarball: 'https://registry.npmjs.org/yarn/-/yarn-0.27.5.tgz' },
39 silly install resolved     maintainers: [ [Object] ],
39 silly install resolved     _npmOperationalInternal:
39 silly install resolved      { host: 's3://npm-registry-packages',
39 silly install resolved        tmp: 'tmp/yarn-0.27.5.tgz_1498865357213_0.4579001765232533' },
39 silly install resolved     directories: {},
39 silly install resolved     _resolved: 'https://registry.npmjs.org/yarn/-/yarn-0.27.5.tgz',
39 silly install resolved     readme: 'ERROR: No README data found!' } ]
40 info install yarn@0.27.5 into /usr/lib
41 info installOne yarn@0.27.5
42 verbose installOne of yarn to /usr/lib not in flight; installing
43 verbose correctMkdir /home/ufeanei/.npm/_locks correctMkdir not in flight; initializing
44 verbose lock using /home/ufeanei/.npm/_locks/yarn-2c7ecc5d16f3d756.lock for /usr/lib/node_modules/yarn
45 warn engine yarn@0.27.5: wanted: {"node":">=4.0.0"} (current: {"node":"0.10.48","npm":"2.15.1"})
46 silly install write writing yarn 0.27.5 to /usr/lib/node_modules/yarn
47 verbose unbuild lib/node_modules/yarn
48 silly gentlyRm /usr/lib/node_modules/yarn is being purged from base /usr
49 verbose gentlyRm don't care about contents; nuking /usr/lib/node_modules/yarn
50 verbose tar unpack /home/ufeanei/.npm/yarn/0.27.5/package.tgz
51 verbose tar unpacking to /usr/lib/node_modules/yarn
52 silly gentlyRm /usr/lib/node_modules/yarn is being purged
53 verbose gentlyRm don't care about contents; nuking /usr/lib/node_modules/yarn
54 silly gunzTarPerm modes [ '775', '664' ]
55 error tar.unpack untar error /home/ufeanei/.npm/yarn/0.27.5/package.tgz
56 verbose unlock done using /home/ufeanei/.npm/_locks/yarn-2c7ecc5d16f3d756.lock for /usr/lib/node_modules/yarn
57 verbose fstream_path /usr/lib/node_modules/yarn
58 verbose fstream_type Directory
59 verbose fstream_class DirWriter
60 verbose stack Error: EACCES, mkdir '/usr/lib/node_modules/yarn'
61 verbose fstream_stack /usr/lib/node_modules/npm/node_modules/fstream/lib/dir-writer.js:35:25
61 verbose fstream_stack /usr/lib/node_modules/npm/node_modules/mkdirp/index.js:47:53
61 verbose fstream_stack Object.oncomplete (fs.js:108:15)
62 verbose cwd /home/ufeanei/Desktop/iipawis
63 error Linux 4.2.0-42-generic
64 error argv "/usr/bin/node" "/usr/bin/npm" "install" "-g" "yarn"
65 error node v0.10.48
66 error npm  v2.15.1
67 error path /usr/lib/node_modules/yarn
68 error code EACCES
69 error errno 3
70 error Error: EACCES, mkdir '/usr/lib/node_modules/yarn'
70 error  { [Error: EACCES, mkdir '/usr/lib/node_modules/yarn']
70 error   errno: 3,
70 error   code: 'EACCES',
70 error   path: '/usr/lib/node_modules/yarn',
70 error   fstream_type: 'Directory',
70 error   fstream_path: '/usr/lib/node_modules/yarn',
70 error   fstream_class: 'DirWriter',
70 error   fstream_stack:
70 error    [ '/usr/lib/node_modules/npm/node_modules/fstream/lib/dir-writer.js:35:25',
70 error      '/usr/lib/node_modules/npm/node_modules/mkdirp/index.js:47:53',
70 error      'Object.oncomplete (fs.js:108:15)' ] }
71 error Please try running this command again as root/Administrator.
72 verbose exit [ 3, true ]
73 verbose unbuild lib/node_modules/yarn
74 silly gentlyRm /usr/lib/node_modules/yarn is being purged from base /usr
75 verbose gentlyRm don't care about contents; nuking /usr/lib/node_modules/yarn
